--------------------------------------------------------------------------------
Release 14.7 Trace  (nt64)
Copyright (c) 1995-2013 Xilinx, Inc.  All rights reserved.

C:\Xilinx\14.7\ISE_DS\ISE\bin\nt64\unwrapped\trce.exe -intstyle ise -v 3 -s 3
-n 3 -fastpaths -xml Tetris.twx Tetris.ncd -o Tetris.twr Tetris.pcf -ucf
vga_driver.ucf

Design file:              Tetris.ncd
Physical constraint file: Tetris.pcf
Device,package,speed:     xc6slx9,tqg144,C,-3 (PRODUCTION 1.23 2013-10-13)
Report level:             verbose report

Environment Variable      Effect 
--------------------      ------ 
NONE                      No environment variables were set
--------------------------------------------------------------------------------

INFO:Timing:2698 - No timing constraints found, doing default enumeration.
INFO:Timing:3412 - To improve timing, see the Timing Closure User Guide (UG612).
INFO:Timing:2752 - To get complete path coverage, use the unconstrained paths 
   option. All paths that are not constrained will be reported in the 
   unconstrained paths section(s) of the report.
INFO:Timing:3339 - The clock-to-out numbers in this timing report are based on 
   a 50 Ohm transmission line loading model.  For the details of this model, 
   and for more information on accounting for different loading conditions, 
   please see the device datasheet.



Data Sheet report:
-----------------
All values displayed in nanoseconds (ns)

Setup/Hold to clock CLK
------------+------------+------------+------------+------------+------------------+--------+
            |Max Setup to|  Process   |Max Hold to |  Process   |                  | Clock  |
Source      | clk (edge) |   Corner   | clk (edge) |   Corner   |Internal Clock(s) | Phase  |
------------+------------+------------+------------+------------+------------------+--------+
RST         |    5.618(R)|      SLOW  |   -0.879(R)|      FAST  |CLK_BUFGP         |   0.000|
------------+------------+------------+------------+------------+------------------+--------+

Clock CLK to Pad
------------+-----------------+------------+-----------------+------------+------------------+--------+
            |Max (slowest) clk|  Process   |Min (fastest) clk|  Process   |                  | Clock  |
Destination |  (edge) to PAD  |   Corner   |  (edge) to PAD  |   Corner   |Internal Clock(s) | Phase  |
------------+-----------------+------------+-----------------+------------+------------------+--------+
HSYNC       |         7.524(R)|      SLOW  |         3.932(R)|      FAST  |CLK_BUFGP         |   0.000|
RGB<0>      |         9.835(R)|      SLOW  |         5.485(R)|      FAST  |CLK_BUFGP         |   0.000|
RGB<1>      |         9.584(R)|      SLOW  |         5.300(R)|      FAST  |CLK_BUFGP         |   0.000|
RGB<2>      |         8.696(R)|      SLOW  |         4.618(R)|      FAST  |CLK_BUFGP         |   0.000|
RGB<3>      |         9.065(R)|      SLOW  |         4.901(R)|      FAST  |CLK_BUFGP         |   0.000|
RGB<4>      |         8.917(R)|      SLOW  |         4.775(R)|      FAST  |CLK_BUFGP         |   0.000|
RGB<5>      |         8.866(R)|      SLOW  |         4.745(R)|      FAST  |CLK_BUFGP         |   0.000|
RGB<6>      |         9.250(R)|      SLOW  |         4.989(R)|      FAST  |CLK_BUFGP         |   0.000|
RGB<7>      |         8.669(R)|      SLOW  |         4.555(R)|      FAST  |CLK_BUFGP         |   0.000|
VSYNC       |         7.056(R)|      SLOW  |         3.627(R)|      FAST  |CLK_BUFGP         |   0.000|
------------+-----------------+------------+-----------------+------------+------------------+--------+

Clock to Setup on destination clock CLK
---------------+---------+---------+---------+---------+
               | Src:Rise| Src:Fall| Src:Rise| Src:Fall|
Source Clock   |Dest:Rise|Dest:Rise|Dest:Fall|Dest:Fall|
---------------+---------+---------+---------+---------+
CLK            |   16.239|         |         |         |
---------------+---------+---------+---------+---------+


Analysis completed Thu Dec 17 19:08:38 2020 
--------------------------------------------------------------------------------

Trace Settings:
-------------------------
Trace Settings 

Peak Memory Usage: 4670 MB



